0 info it worked if it ends with ok
1 verbose cli [ '/usr/bin/node', '/usr/bin/npm', 'install', '-g', 'stylus' ]
2 info using npm@1.4.28
3 info using node@v0.10.38
4 verbose node symlink /usr/bin/node
5 verbose cache add [ 'stylus', null ]
6 verbose cache add name=undefined spec="stylus" args=["stylus",null]
7 verbose parsed url { protocol: null,
7 verbose parsed url   slashes: null,
7 verbose parsed url   auth: null,
7 verbose parsed url   host: null,
7 verbose parsed url   port: null,
7 verbose parsed url   hostname: null,
7 verbose parsed url   hash: null,
7 verbose parsed url   search: null,
7 verbose parsed url   query: null,
7 verbose parsed url   pathname: 'stylus',
7 verbose parsed url   path: 'stylus',
7 verbose parsed url   href: 'stylus' }
8 silly lockFile 27c0f414-stylus stylus
9 verbose lock stylus /home/edwardmc/.npm/27c0f414-stylus.lock
10 silly lockFile 27c0f414-stylus stylus
11 silly lockFile 27c0f414-stylus stylus
12 verbose addNamed [ 'stylus', '' ]
13 verbose addNamed [ null, '*' ]
14 silly lockFile 5140332e-stylus stylus@
15 verbose lock stylus@ /home/edwardmc/.npm/5140332e-stylus.lock
16 silly addNameRange { name: 'stylus', range: '*', hasData: false }
17 verbose request where is /stylus
18 verbose request registry https://registry.npmjs.org/
19 verbose request id fcb3ffba65d3c1a3
20 verbose url raw /stylus
21 verbose url resolving [ 'https://registry.npmjs.org/', './stylus' ]
22 verbose url resolved https://registry.npmjs.org/stylus
23 verbose request where is https://registry.npmjs.org/stylus
24 info trying registry request attempt 1 at 11:18:24
25 http GET https://registry.npmjs.org/stylus
26 http 200 https://registry.npmjs.org/stylus
27 silly registry.get cb [ 200,
27 silly registry.get   { date: 'Mon, 30 Mar 2015 16:18:25 GMT',
27 silly registry.get     server: 'CouchDB/1.5.0 (Erlang OTP/R16B03)',
27 silly registry.get     etag: '"D26CLXU58IUOARWVVFWSIFJ1P"',
27 silly registry.get     'content-type': 'application/json',
27 silly registry.get     'cache-control': 'max-age=60',
27 silly registry.get     'content-length': '178269',
27 silly registry.get     'accept-ranges': 'bytes',
27 silly registry.get     via: '1.1 varnish',
27 silly registry.get     age: '48',
27 silly registry.get     'x-served-by': 'cache-jfk1033-JFK',
27 silly registry.get     'x-cache': 'HIT',
27 silly registry.get     'x-cache-hits': '2',
27 silly registry.get     'x-timer': 'S1427732305.468349,VS0,VE0',
27 silly registry.get     vary: 'Accept',
27 silly registry.get     'keep-alive': 'timeout=10, max=50',
27 silly registry.get     connection: 'Keep-Alive' } ]
28 silly addNameRange number 2 { name: 'stylus', range: '*', hasData: true }
29 silly addNameRange versions [ 'stylus',
29 silly addNameRange   [ '0.0.1',
29 silly addNameRange     '0.0.2',
29 silly addNameRange     '0.1.0',
29 silly addNameRange     '0.2.0',
29 silly addNameRange     '0.2.1',
29 silly addNameRange     '0.3.0',
29 silly addNameRange     '0.3.1',
29 silly addNameRange     '0.4.0',
29 silly addNameRange     '0.4.1',
29 silly addNameRange     '0.5.0',
29 silly addNameRange     '0.5.1',
29 silly addNameRange     '0.5.2',
29 silly addNameRange     '0.5.3',
29 silly addNameRange     '0.6.0',
29 silly addNameRange     '0.6.2',
29 silly addNameRange     '0.6.3',
29 silly addNameRange     '0.6.4',
29 silly addNameRange     '0.6.5',
29 silly addNameRange     '0.6.6',
29 silly addNameRange     '0.6.7',
29 silly addNameRange     '0.7.0',
29 silly addNameRange     '0.7.1',
29 silly addNameRange     '0.7.2',
29 silly addNameRange     '0.7.3',
29 silly addNameRange     '0.7.4',
29 silly addNameRange     '0.8.0',
29 silly addNameRange     '0.9.0',
29 silly addNameRange     '0.9.1',
29 silly addNameRange     '0.9.2',
29 silly addNameRange     '0.10.0',
29 silly addNameRange     '0.11.0',
29 silly addNameRange     '0.11.1',
29 silly addNameRange     '0.11.2',
29 silly addNameRange     '0.11.3',
29 silly addNameRange     '0.11.4',
29 silly addNameRange     '0.11.5',
29 silly addNameRange     '0.11.6',
29 silly addNameRange     '0.11.7',
29 silly addNameRange     '0.11.8',
29 silly addNameRange     '0.11.9',
29 silly addNameRange     '0.11.10',
29 silly addNameRange     '0.11.11',
29 silly addNameRange     '0.11.12',
29 silly addNameRange     '0.12.0',
29 silly addNameRange     '0.12.1',
29 silly addNameRange     '0.12.2',
29 silly addNameRange     '0.12.3',
29 silly addNameRange     '0.12.4',
29 silly addNameRange     '0.13.0',
29 silly addNameRange     '0.13.1',
29 silly addNameRange     '0.13.2',
29 silly addNameRange     '0.13.3',
29 silly addNameRange     '0.13.4',
29 silly addNameRange     '0.13.5',
29 silly addNameRange     '0.13.6',
29 silly addNameRange     '0.13.7',
29 silly addNameRange     '0.13.8',
29 silly addNameRange     '0.13.9',
29 silly addNameRange     '0.14.0',
29 silly addNameRange     '0.15.0',
29 silly addNameRange     '0.15.1',
29 silly addNameRange     '0.15.2',
29 silly addNameRange     '0.15.3',
29 silly addNameRange     '0.15.4',
29 silly addNameRange     '0.16.0',
29 silly addNameRange     '0.17.0',
29 silly addNameRange     '0.18.0',
29 silly addNameRange     '0.19.0',
29 silly addNameRange     '0.19.1',
29 silly addNameRange     '0.19.2',
29 silly addNameRange     '0.19.3',
29 silly addNameRange     '0.19.4',
29 silly addNameRange     '0.19.5',
29 silly addNameRange     '0.19.6',
29 silly addNameRange     '0.19.7',
29 silly addNameRange     '0.19.8',
29 silly addNameRange     '0.20.0',
29 silly addNameRange     '0.20.1',
29 silly addNameRange     '0.21.0',
29 silly addNameRange     '0.21.1',
29 silly addNameRange     '0.21.2',
29 silly addNameRange     '0.22.0',
29 silly addNameRange     '0.22.1',
29 silly addNameRange     '0.22.2',
29 silly addNameRange     '0.22.3',
29 silly addNameRange     '0.22.4',
29 silly addNameRange     '0.22.5',
29 silly addNameRange     '0.22.6',
29 silly addNameRange     '0.23.0',
29 silly addNameRange     '0.24.0',
29 silly addNameRange     '0.25.0',
29 silly addNameRange     '0.26.0',
29 silly addNameRange     '0.26.1',
29 silly addNameRange     '0.27.0',
29 silly addNameRange     '0.27.1',
29 silly addNameRange     '0.27.2',
29 silly addNameRange     '0.28.0',
29 silly addNameRange     '0.28.1',
29 silly addNameRange     '0.28.2',
29 silly addNameRange     '0.29.0',
29 silly addNameRange     '0.30.0',
29 silly addNameRange     '0.30.1',
29 silly addNameRange     '0.31.0',
29 silly addNameRange     '0.32.0',
29 silly addNameRange     '0.32.1',
29 silly addNameRange     '0.33.0',
29 silly addNameRange     '0.33.1',
29 silly addNameRange     '0.34.0',
29 silly addNameRange     '0.34.1',
29 silly addNameRange     '0.35.0',
29 silly addNameRange     '0.35.1',
29 silly addNameRange     '0.36.0',
29 silly addNameRange     '0.36.1',
29 silly addNameRange     '0.37.0',
29 silly addNameRange     '0.38.0',
29 silly addNameRange     '0.39.0',
29 silly addNameRange     '0.39.1',
29 silly addNameRange     '0.39.2',
29 silly addNameRange     '0.39.3',
29 silly addNameRange     '0.39.4',
29 silly addNameRange     '0.40.0',
29 silly addNameRange     '0.40.1',
29 silly addNameRange     '0.40.2',
29 silly addNameRange     '0.40.3',
29 silly addNameRange     '0.41.0',
29 silly addNameRange     '0.41.1',
29 silly addNameRange     '0.41.2',
29 silly addNameRange     '0.41.3',
29 silly addNameRange     '0.42.0',
29 silly addNameRange     '0.42.1',
29 silly addNameRange     '0.42.2',
29 silly addNameRange     '0.42.3',
29 silly addNameRange     '0.43.0',
29 silly addNameRange     '0.44.0-beta',
29 silly addNameRange     '0.43.1',
29 silly addNameRange     '0.44.0-beta2',
29 silly addNameRange     '0.44.0-beta3',
29 silly addNameRange     '0.44.0',
29 silly addNameRange     '0.45.0',
29 silly addNameRange     '0.45.1',
29 silly addNameRange     '0.46.0',
29 silly addNameRange     '0.46.1',
29 silly addNameRange     '0.46.2',
29 silly addNameRange     '0.46.3',
29 silly addNameRange     '0.47.0',
29 silly addNameRange     '0.47.1',
29 silly addNameRange     '0.47.2',
29 silly addNameRange     '0.47.3',
29 silly addNameRange     '0.48.0',
29 silly addNameRange     '0.48.1',
29 silly addNameRange     '0.49.0',
29 silly addNameRange     '0.49.1',
29 silly addNameRange     '0.49.2',
29 silly addNameRange     '0.49.3',
29 silly addNameRange     '0.50.0' ] ]
30 verbose addNamed [ 'stylus', '0.50.0' ]
31 verbose addNamed [ '0.50.0', '0.50.0' ]
32 silly lockFile d62b8ad9-stylus-0-50-0 stylus@0.50.0
33 verbose lock stylus@0.50.0 /home/edwardmc/.npm/d62b8ad9-stylus-0-50-0.lock
34 silly lockFile f0329472-mjs-org-stylus-stylus-0-50-0-tgz https://registry.npmjs.org/stylus/-/stylus-0.50.0.tgz
35 verbose lock https://registry.npmjs.org/stylus/-/stylus-0.50.0.tgz /home/edwardmc/.npm/f0329472-mjs-org-stylus-stylus-0-50-0-tgz.lock
36 verbose addRemoteTarball [ 'https://registry.npmjs.org/stylus/-/stylus-0.50.0.tgz',
36 verbose addRemoteTarball   '2391f0df1ce1dde55a5a8df26b6906a9425ced05' ]
37 info retry fetch attempt 1 at 11:18:25
38 verbose fetch to= /tmp/npm-4017-X73uhZNb/registry.npmjs.org/stylus/-/stylus-0.50.0.tgz
39 http GET https://registry.npmjs.org/stylus/-/stylus-0.50.0.tgz
40 http 200 https://registry.npmjs.org/stylus/-/stylus-0.50.0.tgz
41 silly lockFile f0329472-mjs-org-stylus-stylus-0-50-0-tgz https://registry.npmjs.org/stylus/-/stylus-0.50.0.tgz
42 silly lockFile f0329472-mjs-org-stylus-stylus-0-50-0-tgz https://registry.npmjs.org/stylus/-/stylus-0.50.0.tgz
43 silly lockFile d62b8ad9-stylus-0-50-0 stylus@0.50.0
44 silly lockFile d62b8ad9-stylus-0-50-0 stylus@0.50.0
45 silly lockFile 5140332e-stylus stylus@
46 silly lockFile 5140332e-stylus stylus@
47 silly resolved [ { name: 'stylus',
47 silly resolved     description: 'Robust, expressive, and feature-rich CSS superset',
47 silly resolved     version: '0.50.0',
47 silly resolved     author: { name: 'TJ Holowaychuk', email: 'tj@vision-media.ca' },
47 silly resolved     keywords: [ 'css', 'parser', 'style', 'stylesheets', 'jade', 'language' ],
47 silly resolved     repository: { type: 'git', url: 'git://github.com/LearnBoost/stylus' },
47 silly resolved     main: './index.js',
47 silly resolved     browserify: './lib/browserify.js',
47 silly resolved     engines: { node: '*' },
47 silly resolved     bin: { stylus: './bin/stylus' },
47 silly resolved     scripts:
47 silly resolved      { prepublish: 'npm prune',
47 silly resolved        test: 'mocha test/ test/middleware/ --require should --bail --reporter dot',
47 silly resolved        'test-cov': 'mocha test/ test/middleware/ --require should --bail --reporter html-cov > coverage.html' },
47 silly resolved     dependencies:
47 silly resolved      { 'css-parse': '1.7.x',
47 silly resolved        mkdirp: '0.3.x',
47 silly resolved        debug: '*',
47 silly resolved        sax: '0.5.x',
47 silly resolved        glob: '3.2.x',
47 silly resolved        'source-map': '0.1.x' },
47 silly resolved     devDependencies: { should: '2.x', mocha: '*', jscoverage: '0.3.8' },
47 silly resolved     bugs: { url: 'https://github.com/LearnBoost/stylus/issues' },
47 silly resolved     homepage: 'https://github.com/LearnBoost/stylus',
47 silly resolved     directories: { doc: 'docs', example: 'examples', test: 'test' },
47 silly resolved     license: 'MIT',
47 silly resolved     _id: 'stylus@0.50.0',
47 silly resolved     _shasum: '2391f0df1ce1dde55a5a8df26b6906a9425ced05',
47 silly resolved     _from: 'stylus@',
47 silly resolved     _npmVersion: '1.4.9',
47 silly resolved     _npmUser: { name: 'kizu', email: 'kizmarh@ya.ru' },
47 silly resolved     maintainers: [ [Object], [Object] ],
47 silly resolved     dist:
47 silly resolved      { shasum: '2391f0df1ce1dde55a5a8df26b6906a9425ced05',
47 silly resolved        tarball: 'http://registry.npmjs.org/stylus/-/stylus-0.50.0.tgz' },
47 silly resolved     _resolved: 'https://registry.npmjs.org/stylus/-/stylus-0.50.0.tgz' } ]
48 info install stylus@0.50.0 into /usr/lib
49 info installOne stylus@0.50.0
50 verbose lib/node_modules/stylus unbuild
51 verbose tar unpack /home/edwardmc/.npm/stylus/0.50.0/package.tgz
52 silly lockFile b5d7bc02-tar-usr-lib-node-modules-stylus tar:///usr/lib/node_modules/stylus
53 verbose lock tar:///usr/lib/node_modules/stylus /home/edwardmc/.npm/b5d7bc02-tar-usr-lib-node-modules-stylus.lock
54 silly lockFile 5a7d4c0a-mc-npm-stylus-0-50-0-package-tgz tar:///home/edwardmc/.npm/stylus/0.50.0/package.tgz
55 verbose lock tar:///home/edwardmc/.npm/stylus/0.50.0/package.tgz /home/edwardmc/.npm/5a7d4c0a-mc-npm-stylus-0-50-0-package-tgz.lock
56 silly gunzTarPerm modes [ '775', '664' ]
57 error Error: EACCES, mkdir '/usr/lib/node_modules/stylus'
57 error  { [Error: EACCES, mkdir '/usr/lib/node_modules/stylus']
57 error   errno: 3,
57 error   code: 'EACCES',
57 error   path: '/usr/lib/node_modules/stylus',
57 error   fstream_type: 'Directory',
57 error   fstream_path: '/usr/lib/node_modules/stylus',
57 error   fstream_class: 'DirWriter',
57 error   fstream_stack:
57 error    [ '/usr/lib/node_modules/npm/node_modules/fstream/lib/dir-writer.js:36:23',
57 error      '/usr/lib/node_modules/npm/node_modules/mkdirp/index.js:46:53',
57 error      'Object.oncomplete (fs.js:108:15)' ] }
58 error Please try running this command again as root/Administrator.
59 error System Linux 3.16.0-30-generic
60 error command "/usr/bin/node" "/usr/bin/npm" "install" "-g" "stylus"
61 error cwd /home/edwardmc/Escritorio/MaquetaPrueba
62 error node -v v0.10.38
63 error npm -v 1.4.28
64 error path /usr/lib/node_modules/stylus
65 error fstream_path /usr/lib/node_modules/stylus
66 error fstream_type Directory
67 error fstream_class DirWriter
68 error code EACCES
69 error errno 3
70 error stack Error: EACCES, mkdir '/usr/lib/node_modules/stylus'
71 error fstream_stack /usr/lib/node_modules/npm/node_modules/fstream/lib/dir-writer.js:36:23
71 error fstream_stack /usr/lib/node_modules/npm/node_modules/mkdirp/index.js:46:53
71 error fstream_stack Object.oncomplete (fs.js:108:15)
72 verbose exit [ 3, true ]
